[2026-04-18 13:16:43] TO: jaymanalo609@gmail.com | SUBJECT: [SMTP FAILED] MinSU Registration Verification Code
Verification code: 200441
Code expiry: 10 minute(s)

If this request was not made by you, ignore this message.
---
[2026-04-18 13:21:40] TO: jaymanalo609@gmail.com | SUBJECT: [SMTP FAILED] MinSU Registration Verification Code
Verification code: 798496
Code expiry: 10 minute(s)

If this request was not made by you, ignore this message.
---
[2026-04-18 13:27:37] TO: jaymanalo609@gmail.com | SUBJECT: [SMTP FAILED] MinSU Registration Verification Code
Verification code: 941635
Code expiry: 10 minute(s)

If this request was not made by you, ignore this message.
---
[2026-04-18 14:24:36] TO: jaymanalo609@gmail.com | SUBJECT: [SMTP ERROR] MinSU Registration Verification Code
Verification code: 660771
Code expiry: 10 minute(s)

If this request was not made by you, ignore this message.
Error: SMTP Error: Could not authenticate.
---
[2026-04-18 14:24:36] TO: jaymanalo609@gmail.com | SUBJECT: [SMTP FAILED] MinSU Registration Verification Code
Verification code: 660771
Code expiry: 10 minute(s)

If this request was not made by you, ignore this message.
---
